{"/home/juliofreitas/finance-tech/src/routes.tsx": {"path":"/home/juliofreitas/finance-tech/src/routes.tsx","statementMap":{"0":{"start":{"line":6,"column":2},"end":{"line":23,"column":4}}},"fnMap":{"0":{"name":"FintechRoute","decl":{"start":{"line":5,"column":16},"end":{"line":5,"column":28}},"loc":{"start":{"line":5,"column":31},"end":{"line":24,"column":1}},"line":5}},"branchMap":{},"s":{"0":0},"f":{"0":0},"b":{}}
,"/home/juliofreitas/finance-tech/src/setup.ts": {"path":"/home/juliofreitas/finance-tech/src/setup.ts","statementMap":{"0":{"start":{"line":7,"column":0},"end":{"line":9,"column":3}},"1":{"start":{"line":8,"column":2},"end":{"line":8,"column":12}}},"fnMap":{"0":{"name":"(anonymous_0)","decl":{"start":{"line":7,"column":10},"end":{"line":7,"column":11}},"loc":{"start":{"line":7,"column":16},"end":{"line":9,"column":1}},"line":7}},"branchMap":{},"s":{"0":0,"1":0},"f":{"0":0},"b":{}}
,"/home/juliofreitas/finance-tech/src/components/Abstract/index.tsx": {"path":"/home/juliofreitas/finance-tech/src/components/Abstract/index.tsx","statementMap":{"0":{"start":{"line":5,"column":24},"end":{"line":57,"column":1}},"1":{"start":{"line":6,"column":19},"end":{"line":6,"column":28}},"2":{"start":{"line":8,"column":18},"end":{"line":26,"column":3}},"3":{"start":{"line":10,"column":33},"end":{"line":13,"column":8}},"4":{"start":{"line":11,"column":8},"end":{"line":11,"column":52}},"5":{"start":{"line":11,"column":21},"end":{"line":11,"column":52}},"6":{"start":{"line":12,"column":8},"end":{"line":12,"column":38}},"7":{"start":{"line":15,"column":23},"end":{"line":18,"column":7}},"8":{"start":{"line":16,"column":23},"end":{"line":16,"column":39}},"9":{"start":{"line":20,"column":6},"end":{"line":23,"column":31}},"10":{"start":{"line":28,"column":2},"end":{"line":28,"column":25}},"11":{"start":{"line":28,"column":13},"end":{"line":28,"column":25}},"12":{"start":{"line":30,"column":2},"end":{"line":56,"column":4}}},"fnMap":{"0":{"name":"(anonymous_0)","decl":{"start":{"line":5,"column":24},"end":{"line":5,"column":25}},"loc":{"start":{"line":5,"column":30},"end":{"line":57,"column":1}},"line":5},"1":{"name":"(anonymous_1)","decl":{"start":{"line":9,"column":4},"end":{"line":9,"column":5}},"loc":{"start":{"line":9,"column":31},"end":{"line":24,"column":5}},"line":9},"2":{"name":"(anonymous_2)","decl":{"start":{"line":10,"column":46},"end":{"line":10,"column":47}},"loc":{"start":{"line":10,"column":56},"end":{"line":13,"column":7}},"line":10},"3":{"name":"(anonymous_3)","decl":{"start":{"line":16,"column":8},"end":{"line":16,"column":9}},"loc":{"start":{"line":16,"column":23},"end":{"line":16,"column":39}},"line":16}},"branchMap":{"0":{"loc":{"start":{"line":11,"column":8},"end":{"line":11,"column":52}},"type":"if","locations":[{"start":{"line":11,"column":8},"end":{"line":11,"column":52}},{"start":{},"end":{}}],"line":11},"1":{"loc":{"start":{"line":23,"column":16},"end":{"line":23,"column":29}},"type":"binary-expr","locations":[{"start":{"line":23,"column":16},"end":{"line":23,"column":24}},{"start":{"line":23,"column":28},"end":{"line":23,"column":29}}],"line":23},"2":{"loc":{"start":{"line":28,"column":2},"end":{"line":28,"column":25}},"type":"if","locations":[{"start":{"line":28,"column":2},"end":{"line":28,"column":25}},{"start":{},"end":{}}],"line":28}},"s":{"0":1,"1":1,"2":1,"3":3,"4":6,"5":2,"6":4,"7":3,"8":4,"9":3,"10":1,"11":0,"12":1},"f":{"0":1,"1":3,"2":6,"3":4},"b":{"0":[2,4],"1":[3,0],"2":[0,1]},"_coverageSchema":"1a1c01bbd47fc00a2c39e90264f33305004495a9","hash":"f461ff387d2b948b54ded2cf23c7529aea228cdc"}
,"/home/juliofreitas/finance-tech/src/components/ChartSale/index.tsx": {"path":"/home/juliofreitas/finance-tech/src/components/ChartSale/index.tsx","statementMap":{"0":{"start":{"line":12,"column":28},"end":{"line":35,"column":1}},"1":{"start":{"line":13,"column":15},"end":{"line":32,"column":3}},"2":{"start":{"line":15,"column":18},"end":{"line":15,"column":41}},"3":{"start":{"line":16,"column":6},"end":{"line":26,"column":7}},"4":{"start":{"line":17,"column":8},"end":{"line":25,"column":10}},"5":{"start":{"line":27,"column":6},"end":{"line":27,"column":33}},"6":{"start":{"line":29,"column":6},"end":{"line":29,"column":17}},"7":{"start":{"line":34,"column":2},"end":{"line":34,"column":29}},"8":{"start":{"line":37,"column":25},"end":{"line":50,"column":1}},"9":{"start":{"line":38,"column":2},"end":{"line":49,"column":4}}},"fnMap":{"0":{"name":"(anonymous_0)","decl":{"start":{"line":12,"column":28},"end":{"line":12,"column":29}},"loc":{"start":{"line":12,"column":65},"end":{"line":35,"column":1}},"line":12},"1":{"name":"(anonymous_1)","decl":{"start":{"line":14,"column":4},"end":{"line":14,"column":5}},"loc":{"start":{"line":14,"column":19},"end":{"line":30,"column":5}},"line":14},"2":{"name":"(anonymous_2)","decl":{"start":{"line":37,"column":25},"end":{"line":37,"column":26}},"loc":{"start":{"line":37,"column":55},"end":{"line":50,"column":1}},"line":37}},"branchMap":{"0":{"loc":{"start":{"line":16,"column":6},"end":{"line":26,"column":7}},"type":"if","locations":[{"start":{"line":16,"column":6},"end":{"line":26,"column":7}},{"start":{},"end":{}}],"line":16}},"s":{"0":0,"1":0,"2":0,"3":0,"4":0,"5":0,"6":0,"7":0,"8":0,"9":0},"f":{"0":0,"1":0,"2":0},"b":{"0":[0,0]}}
,"/home/juliofreitas/finance-tech/src/components/DateInput/index.tsx": {"path":"/home/juliofreitas/finance-tech/src/components/DateInput/index.tsx","statementMap":{"0":{"start":{"line":4,"column":2},"end":{"line":16,"column":4}}},"fnMap":{"0":{"name":"DateInput","decl":{"start":{"line":3,"column":16},"end":{"line":3,"column":25}},"loc":{"start":{"line":3,"column":62},"end":{"line":17,"column":1}},"line":3}},"branchMap":{},"s":{"0":0},"f":{"0":0},"b":{}}
,"/home/juliofreitas/finance-tech/src/components/DateRange/index.tsx": {"path":"/home/juliofreitas/finance-tech/src/components/DateRange/index.tsx","statementMap":{"0":{"start":{"line":5,"column":49},"end":{"line":5,"column":58}},"1":{"start":{"line":6,"column":2},"end":{"line":19,"column":4}},"2":{"start":{"line":7,"column":54},"end":{"line":7,"column":72}},"3":{"start":{"line":11,"column":25},"end":{"line":11,"column":57}},"4":{"start":{"line":16,"column":25},"end":{"line":16,"column":56}}},"fnMap":{"0":{"name":"DateRange","decl":{"start":{"line":4,"column":16},"end":{"line":4,"column":25}},"loc":{"start":{"line":4,"column":28},"end":{"line":20,"column":1}},"line":4},"1":{"name":"(anonymous_1)","decl":{"start":{"line":7,"column":47},"end":{"line":7,"column":48}},"loc":{"start":{"line":7,"column":54},"end":{"line":7,"column":72}},"line":7},"2":{"name":"(anonymous_2)","decl":{"start":{"line":11,"column":18},"end":{"line":11,"column":19}},"loc":{"start":{"line":11,"column":25},"end":{"line":11,"column":57}},"line":11},"3":{"name":"(anonymous_3)","decl":{"start":{"line":16,"column":18},"end":{"line":16,"column":19}},"loc":{"start":{"line":16,"column":25},"end":{"line":16,"column":56}},"line":16}},"branchMap":{},"s":{"0":0,"1":0,"2":0,"3":0,"4":0},"f":{"0":0,"1":0,"2":0,"3":0},"b":{}}
,"/home/juliofreitas/finance-tech/src/components/Fintech/index.tsx": {"path":"/home/juliofreitas/finance-tech/src/components/Fintech/index.tsx","statementMap":{"0":{"start":{"line":2,"column":2},"end":{"line":15,"column":4}}},"fnMap":{"0":{"name":"FintechSVG","decl":{"start":{"line":1,"column":9},"end":{"line":1,"column":19}},"loc":{"start":{"line":1,"column":50},"end":{"line":16,"column":1}},"line":1}},"branchMap":{},"s":{"0":0},"f":{"0":0},"b":{}}
,"/home/juliofreitas/finance-tech/src/components/Header/index.tsx": {"path":"/home/juliofreitas/finance-tech/src/components/Header/index.tsx","statementMap":{"0":{"start":{"line":7,"column":19},"end":{"line":7,"column":32}},"1":{"start":{"line":9,"column":16},"end":{"line":11,"column":16}},"2":{"start":{"line":10,"column":4},"end":{"line":10,"column":59}},"3":{"start":{"line":13,"column":2},"end":{"line":23,"column":4}}},"fnMap":{"0":{"name":"Header","decl":{"start":{"line":6,"column":16},"end":{"line":6,"column":22}},"loc":{"start":{"line":6,"column":25},"end":{"line":24,"column":1}},"line":6},"1":{"name":"(anonymous_1)","decl":{"start":{"line":9,"column":24},"end":{"line":9,"column":25}},"loc":{"start":{"line":9,"column":30},"end":{"line":11,"column":3}},"line":9}},"branchMap":{"0":{"loc":{"start":{"line":10,"column":11},"end":{"line":10,"column":58}},"type":"cond-expr","locations":[{"start":{"line":10,"column":39},"end":{"line":10,"column":47}},{"start":{"line":10,"column":50},"end":{"line":10,"column":58}}],"line":10}},"s":{"0":0,"1":0,"2":0,"3":0},"f":{"0":0,"1":0},"b":{"0":[0,0]}}
,"/home/juliofreitas/finance-tech/src/components/Loading/index.tsx": {"path":"/home/juliofreitas/finance-tech/src/components/Loading/index.tsx","statementMap":{"0":{"start":{"line":2,"column":2},"end":{"line":63,"column":4}}},"fnMap":{"0":{"name":"Loading","decl":{"start":{"line":1,"column":16},"end":{"line":1,"column":23}},"loc":{"start":{"line":1,"column":26},"end":{"line":64,"column":1}},"line":1}},"branchMap":{},"s":{"0":0},"f":{"0":0},"b":{}}
,"/home/juliofreitas/finance-tech/src/components/Month/index.tsx": {"path":"/home/juliofreitas/finance-tech/src/components/Month/index.tsx","statementMap":{"0":{"start":{"line":5,"column":15},"end":{"line":5,"column":25}},"1":{"start":{"line":6,"column":2},"end":{"line":6,"column":37}},"2":{"start":{"line":7,"column":15},"end":{"line":10,"column":17}},"3":{"start":{"line":12,"column":2},"end":{"line":12,"column":48}},"4":{"start":{"line":15,"column":19},"end":{"line":20,"column":1}},"5":{"start":{"line":16,"column":13},"end":{"line":16,"column":52}},"6":{"start":{"line":17,"column":13},"end":{"line":17,"column":57}},"7":{"start":{"line":18,"column":15},"end":{"line":18,"column":41}},"8":{"start":{"line":19,"column":2},"end":{"line":19,"column":31}},"9":{"start":{"line":23,"column":34},"end":{"line":23,"column":43}},"10":{"start":{"line":24,"column":20},"end":{"line":24,"column":58}},"11":{"start":{"line":26,"column":2},"end":{"line":30,"column":9}},"12":{"start":{"line":27,"column":4},"end":{"line":29,"column":5}},"13":{"start":{"line":28,"column":6},"end":{"line":28,"column":32}},"14":{"start":{"line":32,"column":19},"end":{"line":39,"column":3}},"15":{"start":{"line":33,"column":17},"end":{"line":33,"column":27}},"16":{"start":{"line":34,"column":4},"end":{"line":34,"column":39}},"17":{"start":{"line":35,"column":20},"end":{"line":35,"column":58}},"18":{"start":{"line":36,"column":20},"end":{"line":36,"column":62}},"19":{"start":{"line":37,"column":4},"end":{"line":37,"column":35}},"20":{"start":{"line":38,"column":4},"end":{"line":38,"column":34}},"21":{"start":{"line":40,"column":28},"end":{"line":44,"column":5}},"22":{"start":{"line":43,"column":6},"end":{"line":43,"column":54}},"23":{"start":{"line":46,"column":2},"end":{"line":55,"column":4}}},"fnMap":{"0":{"name":"getNameAndYear","decl":{"start":{"line":4,"column":9},"end":{"line":4,"column":23}},"loc":{"start":{"line":4,"column":35},"end":{"line":13,"column":1}},"line":4},"1":{"name":"(anonymous_1)","decl":{"start":{"line":15,"column":19},"end":{"line":15,"column":20}},"loc":{"start":{"line":15,"column":35},"end":{"line":20,"column":1}},"line":15},"2":{"name":"Month","decl":{"start":{"line":22,"column":16},"end":{"line":22,"column":21}},"loc":{"start":{"line":22,"column":52},"end":{"line":56,"column":1}},"line":22},"3":{"name":"(anonymous_3)","decl":{"start":{"line":26,"column":12},"end":{"line":26,"column":13}},"loc":{"start":{"line":26,"column":18},"end":{"line":30,"column":3}},"line":26},"4":{"name":"(anonymous_4)","decl":{"start":{"line":32,"column":19},"end":{"line":32,"column":20}},"loc":{"start":{"line":32,"column":52},"end":{"line":39,"column":3}},"line":32},"5":{"name":"(anonymous_5)","decl":{"start":{"line":40,"column":28},"end":{"line":40,"column":29}},"loc":{"start":{"line":42,"column":4},"end":{"line":44,"column":5}},"line":42}},"branchMap":{"0":{"loc":{"start":{"line":27,"column":4},"end":{"line":29,"column":5}},"type":"if","locations":[{"start":{"line":27,"column":4},"end":{"line":29,"column":5}},{"start":{},"end":{}}],"line":27}},"s":{"0":0,"1":0,"2":0,"3":0,"4":0,"5":0,"6":0,"7":0,"8":0,"9":0,"10":0,"11":0,"12":0,"13":0,"14":0,"15":0,"16":0,"17":0,"18":0,"19":0,"20":0,"21":0,"22":0,"23":0},"f":{"0":0,"1":0,"2":0,"3":0,"4":0,"5":0},"b":{"0":[0,0]}}
,"/home/juliofreitas/finance-tech/src/components/Months/index.tsx": {"path":"/home/juliofreitas/finance-tech/src/components/Months/index.tsx","statementMap":{"0":{"start":{"line":4,"column":2},"end":{"line":10,"column":4}}},"fnMap":{"0":{"name":"Months","decl":{"start":{"line":3,"column":16},"end":{"line":3,"column":22}},"loc":{"start":{"line":3,"column":25},"end":{"line":11,"column":1}},"line":3}},"branchMap":{},"s":{"0":0},"f":{"0":0},"b":{}}
,"/home/juliofreitas/finance-tech/src/components/Sale/index.tsx": {"path":"/home/juliofreitas/finance-tech/src/components/Sale/index.tsx","statementMap":{"0":{"start":{"line":5,"column":19},"end":{"line":5,"column":28}},"1":{"start":{"line":7,"column":2},"end":{"line":7,"column":25}},"2":{"start":{"line":7,"column":13},"end":{"line":7,"column":25}},"3":{"start":{"line":8,"column":2},"end":{"line":26,"column":4}},"4":{"start":{"line":23,"column":8},"end":{"line":23,"column":55}}},"fnMap":{"0":{"name":"Sale","decl":{"start":{"line":4,"column":16},"end":{"line":4,"column":20}},"loc":{"start":{"line":4,"column":23},"end":{"line":27,"column":1}},"line":4},"1":{"name":"(anonymous_1)","decl":{"start":{"line":22,"column":16},"end":{"line":22,"column":17}},"loc":{"start":{"line":23,"column":8},"end":{"line":23,"column":55}},"line":23}},"branchMap":{"0":{"loc":{"start":{"line":7,"column":2},"end":{"line":7,"column":25}},"type":"if","locations":[{"start":{"line":7,"column":2},"end":{"line":7,"column":25}},{"start":{},"end":{}}],"line":7}},"s":{"0":0,"1":0,"2":0,"3":0,"4":0},"f":{"0":0,"1":0},"b":{"0":[0,0]}}
,"/home/juliofreitas/finance-tech/src/components/Sales/index.tsx": {"path":"/home/juliofreitas/finance-tech/src/components/Sales/index.tsx","statementMap":{"0":{"start":{"line":6,"column":17},"end":{"line":6,"column":28}},"1":{"start":{"line":7,"column":19},"end":{"line":7,"column":28}},"2":{"start":{"line":9,"column":2},"end":{"line":9,"column":25}},"3":{"start":{"line":9,"column":13},"end":{"line":9,"column":25}},"4":{"start":{"line":10,"column":2},"end":{"line":28,"column":4}},"5":{"start":{"line":25,"column":8},"end":{"line":25,"column":55}}},"fnMap":{"0":{"name":"Sales","decl":{"start":{"line":5,"column":16},"end":{"line":5,"column":21}},"loc":{"start":{"line":5,"column":24},"end":{"line":29,"column":1}},"line":5},"1":{"name":"(anonymous_1)","decl":{"start":{"line":24,"column":16},"end":{"line":24,"column":17}},"loc":{"start":{"line":25,"column":8},"end":{"line":25,"column":55}},"line":25}},"branchMap":{"0":{"loc":{"start":{"line":9,"column":2},"end":{"line":9,"column":25}},"type":"if","locations":[{"start":{"line":9,"column":2},"end":{"line":9,"column":25}},{"start":{},"end":{}}],"line":9}},"s":{"0":0,"1":0,"2":0,"3":0,"4":0,"5":0},"f":{"0":0,"1":0},"b":{"0":[0,0]}}
,"/home/juliofreitas/finance-tech/src/components/SalesItem/index.tsx": {"path":"/home/juliofreitas/finance-tech/src/components/SalesItem/index.tsx","statementMap":{"0":{"start":{"line":4,"column":24},"end":{"line":9,"column":1}},"1":{"start":{"line":5,"column":2},"end":{"line":8,"column":24}},"2":{"start":{"line":11,"column":2},"end":{"line":21,"column":4}}},"fnMap":{"0":{"name":"(anonymous_0)","decl":{"start":{"line":4,"column":24},"end":{"line":4,"column":25}},"loc":{"start":{"line":4,"column":43},"end":{"line":9,"column":1}},"line":4},"1":{"name":"SalesItem","decl":{"start":{"line":10,"column":16},"end":{"line":10,"column":25}},"loc":{"start":{"line":10,"column":57},"end":{"line":22,"column":1}},"line":10}},"branchMap":{"0":{"loc":{"start":{"line":8,"column":12},"end":{"line":8,"column":22}},"type":"binary-expr","locations":[{"start":{"line":8,"column":12},"end":{"line":8,"column":17}},{"start":{"line":8,"column":21},"end":{"line":8,"column":22}}],"line":8}},"s":{"0":0,"1":0,"2":0},"f":{"0":0,"1":0},"b":{"0":[0,0]}}
,"/home/juliofreitas/finance-tech/src/components/Sidenav/index.tsx": {"path":"/home/juliofreitas/finance-tech/src/components/Sidenav/index.tsx","statementMap":{"0":{"start":{"line":8,"column":2},"end":{"line":8,"column":140}},"1":{"start":{"line":11,"column":23},"end":{"line":11,"column":36}},"2":{"start":{"line":12,"column":2},"end":{"line":12,"column":31}},"3":{"start":{"line":14,"column":2},"end":{"line":53,"column":4}}},"fnMap":{"0":{"name":"Sidenav","decl":{"start":{"line":10,"column":16},"end":{"line":10,"column":23}},"loc":{"start":{"line":10,"column":26},"end":{"line":54,"column":1}},"line":10}},"branchMap":{},"s":{"0":0,"1":0,"2":0,"3":0},"f":{"0":0},"b":{}}
,"/home/juliofreitas/finance-tech/src/context/DataContext/index.tsx": {"path":"/home/juliofreitas/finance-tech/src/context/DataContext/index.tsx","statementMap":{"0":{"start":{"line":12,"column":20},"end":{"line":12,"column":64}},"1":{"start":{"line":14,"column":16},"end":{"line":21,"column":1}},"2":{"start":{"line":15,"column":15},"end":{"line":15,"column":25}},"3":{"start":{"line":16,"column":2},"end":{"line":16,"column":35}},"4":{"start":{"line":17,"column":13},"end":{"line":17,"column":52}},"5":{"start":{"line":18,"column":13},"end":{"line":18,"column":57}},"6":{"start":{"line":19,"column":15},"end":{"line":19,"column":41}},"7":{"start":{"line":20,"column":2},"end":{"line":20,"column":31}},"8":{"start":{"line":23,"column":23},"end":{"line":29,"column":1}},"9":{"start":{"line":24,"column":18},"end":{"line":24,"column":41}},"10":{"start":{"line":26,"column":2},"end":{"line":27,"column":76}},"11":{"start":{"line":27,"column":4},"end":{"line":27,"column":76}},"12":{"start":{"line":28,"column":2},"end":{"line":28,"column":17}},"13":{"start":{"line":31,"column":31},"end":{"line":31,"column":66}},"14":{"start":{"line":33,"column":30},"end":{"line":33,"column":51}},"15":{"start":{"line":34,"column":28},"end":{"line":34,"column":48}},"16":{"start":{"line":35,"column":35},"end":{"line":37,"column":3}},"17":{"start":{"line":39,"column":20},"end":{"line":41,"column":43}},"18":{"start":{"line":40,"column":4},"end":{"line":40,"column":72}},"19":{"start":{"line":43,"column":2},"end":{"line":45,"column":4}}},"fnMap":{"0":{"name":"(anonymous_0)","decl":{"start":{"line":14,"column":16},"end":{"line":14,"column":17}},"loc":{"start":{"line":14,"column":31},"end":{"line":21,"column":1}},"line":14},"1":{"name":"(anonymous_1)","decl":{"start":{"line":23,"column":23},"end":{"line":23,"column":24}},"loc":{"start":{"line":23,"column":29},"end":{"line":29,"column":1}},"line":23},"2":{"name":"DataContextProvider","decl":{"start":{"line":32,"column":16},"end":{"line":32,"column":35}},"loc":{"start":{"line":32,"column":69},"end":{"line":46,"column":1}},"line":32},"3":{"name":"(anonymous_3)","decl":{"start":{"line":39,"column":28},"end":{"line":39,"column":29}},"loc":{"start":{"line":39,"column":34},"end":{"line":41,"column":3}},"line":39}},"branchMap":{"0":{"loc":{"start":{"line":26,"column":2},"end":{"line":27,"column":76}},"type":"if","locations":[{"start":{"line":26,"column":2},"end":{"line":27,"column":76}},{"start":{},"end":{}}],"line":26}},"s":{"0":1,"1":1,"2":6,"3":6,"4":6,"5":6,"6":6,"7":6,"8":1,"9":0,"10":0,"11":0,"12":0,"13":1,"14":3,"15":3,"16":3,"17":3,"18":3,"19":3},"f":{"0":6,"1":0,"2":3,"3":3},"b":{"0":[0,0]},"_coverageSchema":"1a1c01bbd47fc00a2c39e90264f33305004495a9","hash":"b85be97fed7bee9d83d1bad67aef36f22054be8e"}
,"/home/juliofreitas/finance-tech/src/context/DataContext/type.ts": {"path":"/home/juliofreitas/finance-tech/src/context/DataContext/type.ts","statementMap":{},"fnMap":{},"branchMap":{},"s":{},"f":{},"b":{}}
,"/home/juliofreitas/finance-tech/src/hooks/useFetch/index.tsx": {"path":"/home/juliofreitas/finance-tech/src/hooks/useFetch/index.tsx","statementMap":{"0":{"start":{"line":8,"column":26},"end":{"line":8,"column":50}},"1":{"start":{"line":9,"column":32},"end":{"line":9,"column":47}},"2":{"start":{"line":10,"column":28},"end":{"line":10,"column":57}},"3":{"start":{"line":11,"column":21},"end":{"line":11,"column":36}},"4":{"start":{"line":12,"column":2},"end":{"line":12,"column":31}},"5":{"start":{"line":14,"column":2},"end":{"line":44,"column":12}},"6":{"start":{"line":15,"column":23},"end":{"line":15,"column":44}},"7":{"start":{"line":16,"column":23},"end":{"line":16,"column":33}},"8":{"start":{"line":18,"column":25},"end":{"line":37,"column":5}},"9":{"start":{"line":19,"column":6},"end":{"line":36,"column":7}},"10":{"start":{"line":20,"column":8},"end":{"line":20,"column":25}},"11":{"start":{"line":21,"column":8},"end":{"line":21,"column":22}},"12":{"start":{"line":22,"column":8},"end":{"line":22,"column":23}},"13":{"start":{"line":23,"column":25},"end":{"line":26,"column":10}},"14":{"start":{"line":28,"column":8},"end":{"line":28,"column":71}},"15":{"start":{"line":28,"column":26},"end":{"line":28,"column":71}},"16":{"start":{"line":29,"column":29},"end":{"line":29,"column":57}},"17":{"start":{"line":31,"column":8},"end":{"line":31,"column":51}},"18":{"start":{"line":31,"column":29},"end":{"line":31,"column":51}},"19":{"start":{"line":33,"column":8},"end":{"line":33,"column":75}},"20":{"start":{"line":33,"column":53},"end":{"line":33,"column":75}},"21":{"start":{"line":35,"column":8},"end":{"line":35,"column":47}},"22":{"start":{"line":35,"column":29},"end":{"line":35,"column":47}},"23":{"start":{"line":39,"column":4},"end":{"line":39,"column":19}},"24":{"start":{"line":41,"column":4},"end":{"line":43,"column":6}},"25":{"start":{"line":42,"column":6},"end":{"line":42,"column":25}},"26":{"start":{"line":46,"column":2},"end":{"line":46,"column":34}}},"fnMap":{"0":{"name":"useFetch","decl":{"start":{"line":4,"column":16},"end":{"line":4,"column":24}},"loc":{"start":{"line":7,"column":17},"end":{"line":47,"column":1}},"line":7},"1":{"name":"(anonymous_1)","decl":{"start":{"line":14,"column":12},"end":{"line":14,"column":13}},"loc":{"start":{"line":14,"column":18},"end":{"line":44,"column":3}},"line":14},"2":{"name":"(anonymous_2)","decl":{"start":{"line":18,"column":25},"end":{"line":18,"column":26}},"loc":{"start":{"line":18,"column":37},"end":{"line":37,"column":5}},"line":18},"3":{"name":"(anonymous_3)","decl":{"start":{"line":41,"column":11},"end":{"line":41,"column":12}},"loc":{"start":{"line":41,"column":17},"end":{"line":43,"column":5}},"line":41}},"branchMap":{"0":{"loc":{"start":{"line":28,"column":8},"end":{"line":28,"column":71}},"type":"if","locations":[{"start":{"line":28,"column":8},"end":{"line":28,"column":71}},{"start":{},"end":{}}],"line":28},"1":{"loc":{"start":{"line":31,"column":8},"end":{"line":31,"column":51}},"type":"if","locations":[{"start":{"line":31,"column":8},"end":{"line":31,"column":51}},{"start":{},"end":{}}],"line":31},"2":{"loc":{"start":{"line":33,"column":8},"end":{"line":33,"column":75}},"type":"if","locations":[{"start":{"line":33,"column":8},"end":{"line":33,"column":75}},{"start":{},"end":{}}],"line":33},"3":{"loc":{"start":{"line":33,"column":12},"end":{"line":33,"column":51}},"type":"binary-expr","locations":[{"start":{"line":33,"column":12},"end":{"line":33,"column":27}},{"start":{"line":33,"column":31},"end":{"line":33,"column":51}}],"line":33},"4":{"loc":{"start":{"line":35,"column":8},"end":{"line":35,"column":47}},"type":"if","locations":[{"start":{"line":35,"column":8},"end":{"line":35,"column":47}},{"start":{},"end":{}}],"line":35}},"s":{"0":3,"1":3,"2":3,"3":3,"4":3,"5":3,"6":1,"7":1,"8":1,"9":1,"10":1,"11":1,"12":1,"13":1,"14":1,"15":1,"16":0,"17":0,"18":0,"19":1,"20":1,"21":1,"22":1,"23":1,"24":1,"25":1,"26":3},"f":{"0":3,"1":1,"2":1,"3":1},"b":{"0":[1,0],"1":[0,0],"2":[1,0],"3":[1,1],"4":[1,0]},"_coverageSchema":"1a1c01bbd47fc00a2c39e90264f33305004495a9","hash":"cb02a7e02026ff9417742b6377f0625c2bfec6d3"}
,"/home/juliofreitas/finance-tech/src/hooks/useFetch/type.ts": {"path":"/home/juliofreitas/finance-tech/src/hooks/useFetch/type.ts","statementMap":{},"fnMap":{},"branchMap":{},"s":{},"f":{},"b":{}}
,"/home/juliofreitas/finance-tech/src/pages/Abstract/index.tsx": {"path":"/home/juliofreitas/finance-tech/src/pages/Abstract/index.tsx","statementMap":{"0":{"start":{"line":5,"column":19},"end":{"line":5,"column":28}},"1":{"start":{"line":6,"column":2},"end":{"line":13,"column":4}}},"fnMap":{"0":{"name":"AbstractPage","decl":{"start":{"line":4,"column":16},"end":{"line":4,"column":28}},"loc":{"start":{"line":4,"column":31},"end":{"line":14,"column":1}},"line":4}},"branchMap":{"0":{"loc":{"start":{"line":10,"column":25},"end":{"line":10,"column":35}},"type":"binary-expr","locations":[{"start":{"line":10,"column":25},"end":{"line":10,"column":29}},{"start":{"line":10,"column":33},"end":{"line":10,"column":35}}],"line":10}},"s":{"0":0,"1":0},"f":{"0":0},"b":{"0":[0,0]}}
,"/home/juliofreitas/finance-tech/src/pages/Sale/index.tsx": {"path":"/home/juliofreitas/finance-tech/src/pages/Sale/index.tsx","statementMap":{"0":{"start":{"line":9,"column":17},"end":{"line":9,"column":28}},"1":{"start":{"line":10,"column":28},"end":{"line":12,"column":3}},"2":{"start":{"line":14,"column":2},"end":{"line":14,"column":34}},"3":{"start":{"line":14,"column":15},"end":{"line":14,"column":34}},"4":{"start":{"line":15,"column":2},"end":{"line":15,"column":25}},"5":{"start":{"line":15,"column":13},"end":{"line":15,"column":25}},"6":{"start":{"line":16,"column":45},"end":{"line":16,"column":49}},"7":{"start":{"line":17,"column":2},"end":{"line":33,"column":4}}},"fnMap":{"0":{"name":"SalePage","decl":{"start":{"line":8,"column":16},"end":{"line":8,"column":24}},"loc":{"start":{"line":8,"column":27},"end":{"line":34,"column":1}},"line":8}},"branchMap":{"0":{"loc":{"start":{"line":14,"column":2},"end":{"line":14,"column":34}},"type":"if","locations":[{"start":{"line":14,"column":2},"end":{"line":14,"column":34}},{"start":{},"end":{}}],"line":14},"1":{"loc":{"start":{"line":15,"column":2},"end":{"line":15,"column":25}},"type":"if","locations":[{"start":{"line":15,"column":2},"end":{"line":15,"column":25}},{"start":{},"end":{}}],"line":15}},"s":{"0":0,"1":0,"2":0,"3":0,"4":0,"5":0,"6":0,"7":0},"f":{"0":0},"b":{"0":[0,0],"1":[0,0]}}
,"/home/juliofreitas/finance-tech/src/pages/Sales/index.tsx": {"path":"/home/juliofreitas/finance-tech/src/pages/Sales/index.tsx","statementMap":{"0":{"start":{"line":4,"column":2},"end":{"line":4,"column":19}}},"fnMap":{"0":{"name":"SalesPage","decl":{"start":{"line":3,"column":16},"end":{"line":3,"column":25}},"loc":{"start":{"line":3,"column":28},"end":{"line":5,"column":1}},"line":3}},"branchMap":{},"s":{"0":0},"f":{"0":0},"b":{}}
,"/home/juliofreitas/finance-tech/src/test/__ mocks __/fileMock.js": {"path":"/home/juliofreitas/finance-tech/src/test/__ mocks __/fileMock.js","statementMap":{"0":{"start":{"line":1,"column":0},"end":{"line":4,"column":2}}},"fnMap":{},"branchMap":{},"s":{"0":0},"f":{},"b":{}}
}
