TN:
SF:src/routes.tsx
FN:5,FintechRoute
FNF:1
FNH:0
FNDA:0,FintechRoute
DA:6,0
LF:1
LH:0
BRF:0
BRH:0
end_of_record
TN:
SF:src/setup.ts
FN:7,(anonymous_0)
FNF:1
FNH:0
FNDA:0,(anonymous_0)
DA:7,0
DA:8,0
LF:2
LH:0
BRF:0
BRH:0
end_of_record
TN:
SF:src/components/Abstract/index.tsx
FN:5,(anonymous_0)
FN:9,(anonymous_1)
FN:10,(anonymous_2)
FN:16,(anonymous_3)
FNF:4
FNH:4
FNDA:1,(anonymous_0)
FNDA:3,(anonymous_1)
FNDA:6,(anonymous_2)
FNDA:4,(anonymous_3)
DA:5,1
DA:6,1
DA:8,1
DA:10,3
DA:11,6
DA:12,4
DA:15,3
DA:16,4
DA:20,3
DA:28,1
DA:30,1
LF:11
LH:11
BRDA:11,0,0,2
BRDA:11,0,1,4
BRDA:23,1,0,3
BRDA:23,1,1,0
BRDA:28,2,0,0
BRDA:28,2,1,1
BRF:6
BRH:4
end_of_record
TN:
SF:src/components/ChartSale/index.tsx
FN:12,(anonymous_0)
FN:14,(anonymous_1)
FN:37,(anonymous_2)
FNF:3
FNH:0
FNDA:0,(anonymous_0)
FNDA:0,(anonymous_1)
FNDA:0,(anonymous_2)
DA:12,0
DA:13,0
DA:15,0
DA:16,0
DA:17,0
DA:27,0
DA:29,0
DA:34,0
DA:37,0
DA:38,0
LF:10
LH:0
BRDA:16,0,0,0
BRDA:16,0,1,0
BRF:2
BRH:0
end_of_record
TN:
SF:src/components/DateInput/index.tsx
FN:3,DateInput
FNF:1
FNH:0
FNDA:0,DateInput
DA:4,0
LF:1
LH:0
BRF:0
BRH:0
end_of_record
TN:
SF:src/components/DateRange/index.tsx
FN:4,DateRange
FN:7,(anonymous_1)
FN:11,(anonymous_2)
FN:16,(anonymous_3)
FNF:4
FNH:0
FNDA:0,DateRange
FNDA:0,(anonymous_1)
FNDA:0,(anonymous_2)
FNDA:0,(anonymous_3)
DA:5,0
DA:6,0
DA:7,0
DA:11,0
DA:16,0
LF:5
LH:0
BRF:0
BRH:0
end_of_record
TN:
SF:src/components/Fintech/index.tsx
FN:1,FintechSVG
FNF:1
FNH:0
FNDA:0,FintechSVG
DA:2,0
LF:1
LH:0
BRF:0
BRH:0
end_of_record
TN:
SF:src/components/Header/index.tsx
FN:6,Header
FN:9,(anonymous_1)
FNF:2
FNH:0
FNDA:0,Header
FNDA:0,(anonymous_1)
DA:7,0
DA:9,0
DA:10,0
DA:13,0
LF:4
LH:0
BRDA:10,0,0,0
BRDA:10,0,1,0
BRF:2
BRH:0
end_of_record
TN:
SF:src/components/Loading/index.tsx
FN:1,Loading
FNF:1
FNH:0
FNDA:0,Loading
DA:2,0
LF:1
LH:0
BRF:0
BRH:0
end_of_record
TN:
SF:src/components/Month/index.tsx
FN:4,getNameAndYear
FN:15,(anonymous_1)
FN:22,Month
FN:26,(anonymous_3)
FN:32,(anonymous_4)
FN:40,(anonymous_5)
FNF:6
FNH:0
FNDA:0,getNameAndYear
FNDA:0,(anonymous_1)
FNDA:0,Month
FNDA:0,(anonymous_3)
FNDA:0,(anonymous_4)
FNDA:0,(anonymous_5)
DA:5,0
DA:6,0
DA:7,0
DA:12,0
DA:15,0
DA:16,0
DA:17,0
DA:18,0
DA:19,0
DA:23,0
DA:24,0
DA:26,0
DA:27,0
DA:28,0
DA:32,0
DA:33,0
DA:34,0
DA:35,0
DA:36,0
DA:37,0
DA:38,0
DA:40,0
DA:43,0
DA:46,0
LF:24
LH:0
BRDA:27,0,0,0
BRDA:27,0,1,0
BRF:2
BRH:0
end_of_record
TN:
SF:src/components/Months/index.tsx
FN:3,Months
FNF:1
FNH:0
FNDA:0,Months
DA:4,0
LF:1
LH:0
BRF:0
BRH:0
end_of_record
TN:
SF:src/components/Sale/index.tsx
FN:4,Sale
FN:22,(anonymous_1)
FNF:2
FNH:0
FNDA:0,Sale
FNDA:0,(anonymous_1)
DA:5,0
DA:7,0
DA:8,0
DA:23,0
LF:4
LH:0
BRDA:7,0,0,0
BRDA:7,0,1,0
BRF:2
BRH:0
end_of_record
TN:
SF:src/components/Sales/index.tsx
FN:5,Sales
FN:24,(anonymous_1)
FNF:2
FNH:0
FNDA:0,Sales
FNDA:0,(anonymous_1)
DA:6,0
DA:7,0
DA:9,0
DA:10,0
DA:25,0
LF:5
LH:0
BRDA:9,0,0,0
BRDA:9,0,1,0
BRF:2
BRH:0
end_of_record
TN:
SF:src/components/SalesItem/index.tsx
FN:4,(anonymous_0)
FN:10,SalesItem
FNF:2
FNH:0
FNDA:0,(anonymous_0)
FNDA:0,SalesItem
DA:4,0
DA:5,0
DA:11,0
LF:3
LH:0
BRDA:8,0,0,0
BRDA:8,0,1,0
BRF:2
BRH:0
end_of_record
TN:
SF:src/components/Sidenav/index.tsx
FN:10,Sidenav
FNF:1
FNH:0
FNDA:0,Sidenav
DA:8,0
DA:11,0
DA:12,0
DA:14,0
LF:4
LH:0
BRF:0
BRH:0
end_of_record
TN:
SF:src/context/DataContext/index.tsx
FN:14,(anonymous_0)
FN:23,(anonymous_1)
FN:32,DataContextProvider
FN:39,(anonymous_3)
FNF:4
FNH:3
FNDA:6,(anonymous_0)
FNDA:0,(anonymous_1)
FNDA:3,DataContextProvider
FNDA:3,(anonymous_3)
DA:12,1
DA:14,1
DA:15,6
DA:16,6
DA:17,6
DA:18,6
DA:19,6
DA:20,6
DA:23,1
DA:24,0
DA:26,0
DA:27,0
DA:28,0
DA:31,1
DA:33,3
DA:34,3
DA:35,3
DA:39,3
DA:40,3
DA:43,3
LF:20
LH:16
BRDA:26,0,0,0
BRDA:26,0,1,0
BRF:2
BRH:0
end_of_record
TN:
SF:src/context/DataContext/type.ts
FNF:0
FNH:0
LF:0
LH:0
BRF:0
BRH:0
end_of_record
TN:
SF:src/hooks/useFetch/index.tsx
FN:4,useFetch
FN:14,(anonymous_1)
FN:18,(anonymous_2)
FN:41,(anonymous_3)
FNF:4
FNH:4
FNDA:3,useFetch
FNDA:1,(anonymous_1)
FNDA:1,(anonymous_2)
FNDA:1,(anonymous_3)
DA:8,3
DA:9,3
DA:10,3
DA:11,3
DA:12,3
DA:14,3
DA:15,1
DA:16,1
DA:18,1
DA:19,1
DA:20,1
DA:21,1
DA:22,1
DA:23,1
DA:28,1
DA:29,0
DA:31,0
DA:33,1
DA:35,1
DA:39,1
DA:41,1
DA:42,1
DA:46,3
LF:23
LH:21
BRDA:28,0,0,1
BRDA:28,0,1,0
BRDA:31,1,0,0
BRDA:31,1,1,0
BRDA:33,2,0,1
BRDA:33,2,1,0
BRDA:33,3,0,1
BRDA:33,3,1,1
BRDA:35,4,0,1
BRDA:35,4,1,0
BRF:10
BRH:5
end_of_record
TN:
SF:src/hooks/useFetch/type.ts
FNF:0
FNH:0
LF:0
LH:0
BRF:0
BRH:0
end_of_record
TN:
SF:src/pages/Abstract/index.tsx
FN:4,AbstractPage
FNF:1
FNH:0
FNDA:0,AbstractPage
DA:5,0
DA:6,0
LF:2
LH:0
BRDA:10,0,0,0
BRDA:10,0,1,0
BRF:2
BRH:0
end_of_record
TN:
SF:src/pages/Sale/index.tsx
FN:8,SalePage
FNF:1
FNH:0
FNDA:0,SalePage
DA:9,0
DA:10,0
DA:14,0
DA:15,0
DA:16,0
DA:17,0
LF:6
LH:0
BRDA:14,0,0,0
BRDA:14,0,1,0
BRDA:15,1,0,0
BRDA:15,1,1,0
BRF:4
BRH:0
end_of_record
TN:
SF:src/pages/Sales/index.tsx
FN:3,SalesPage
FNF:1
FNH:0
FNDA:0,SalesPage
DA:4,0
LF:1
LH:0
BRF:0
BRH:0
end_of_record
TN:
SF:src/test/__ mocks __/fileMock.js
FNF:0
FNH:0
DA:1,0
LF:1
LH:0
BRF:0
BRH:0
end_of_record
